# JRE version: Java(TM) SE Runtime Environment (8.0_131-b11) (build 1.8.0_131-b11)
# Java VM: Java HotSpot(TM) 64-Bit Server VM (25.131-b11 mixed mode windows-amd64 compressed oops)
Heap:
 PSYoungGen      total 202240K, used 50291K [0x000000076af00000, 0x000000077c380000, 0x00000007c0000000)
  eden space 192000K, 21% used [0x000000076af00000,0x000000076d67b848,0x0000000776a80000)
  from space 10240K, 96% used [0x000000077b980000,0x000000077c3213b8,0x000000077c380000)
  to   space 10752K, 0% used [0x000000077ae80000,0x000000077ae80000,0x000000077b900000)
 ParOldGen       total 108032K, used 9006K [0x00000006c0c00000, 0x00000006c7580000, 0x000000076af00000)
  object space 108032K, 8% used [0x00000006c0c00000,0x00000006c14cb938,0x00000006c7580000)
 Metaspace       used 25677K, capacity 26828K, committed 27056K, reserved 1073152K
  class space    used 3428K, capacity 3654K, committed 3760K, reserved 1048576K
GC Heap History (10 events):
Event: 0.575 GC heap before
{Heap before GC invocations=1 (full 0):
 PSYoungGen      total 76288K, used 65536K [0x000000076af00000, 0x0000000770400000, 0x00000007c0000000)
  eden space 65536K, 100% used [0x000000076af00000,0x000000076ef00000,0x000000076ef00000)
  from space 10752K, 0% used [0x000000076f980000,0x000000076f980000,0x0000000770400000)
  to   space 10752K, 0% used [0x000000076ef00000,0x000000076ef00000,0x000000076f980000)
 ParOldGen       total 175104K, used 0K [0x00000006c0c00000, 0x00000006cb700000, 0x000000076af00000)
  object space 175104K, 0% used [0x00000006c0c00000,0x00000006c0c00000,0x00000006cb700000)
 Metaspace       used 10172K, capacity 10482K, committed 10624K, reserved 1058816K
  class space    used 1234K, capacity 1322K, committed 1408K, reserved 1048576K
Event: 0.582 GC heap after
Heap after GC invocations=1 (full 0):
 PSYoungGen      total 76288K, used 9271K [0x000000076af00000, 0x0000000774400000, 0x00000007c0000000)
  eden space 65536K, 0% used [0x000000076af00000,0x000000076af00000,0x000000076ef00000)
  from space 10752K, 86% used [0x000000076ef00000,0x000000076f80dfd8,0x000000076f980000)
  to   space 10752K, 0% used [0x0000000773980000,0x0000000773980000,0x0000000774400000)
 ParOldGen       total 175104K, used 16K [0x00000006c0c00000, 0x00000006cb700000, 0x000000076af00000)
  object space 175104K, 0% used [0x00000006c0c00000,0x00000006c0c04000,0x00000006cb700000)
 Metaspace       used 10172K, capacity 10482K, committed 10624K, reserved 1058816K
  class space    used 1234K, capacity 1322K, committed 1408K, reserved 1048576K
}
Event: 0.996 GC heap before
{Heap before GC invocations=2 (full 0):
 PSYoungGen      total 76288K, used 74807K [0x000000076af00000, 0x0000000774400000, 0x00000007c0000000)
  eden space 65536K, 100% used [0x000000076af00000,0x000000076ef00000,0x000000076ef00000)
  from space 10752K, 86% used [0x000000076ef00000,0x000000076f80dfd8,0x000000076f980000)
  to   space 10752K, 0% used [0x0000000773980000,0x0000000773980000,0x0000000774400000)
 ParOldGen       total 175104K, used 16K [0x00000006c0c00000, 0x00000006cb700000, 0x000000076af00000)
  object space 175104K, 0% used [0x00000006c0c00000,0x00000006c0c04000,0x00000006cb700000)
 Metaspace       used 15423K, capacity 15976K, committed 16256K, reserved 1062912K
  class space    used 1971K, capacity 2123K, committed 2176K, reserved 1048576K
Event: 1.000 GC heap after
Heap after GC invocations=2 (full 0):
 PSYoungGen      total 141824K, used 8326K [0x000000076af00000, 0x0000000774400000, 0x00000007c0000000)
  eden space 131072K, 0% used [0x000000076af00000,0x000000076af00000,0x0000000772f00000)
  from space 10752K, 77% used [0x0000000773980000,0x00000007741a18c8,0x0000000774400000)
  to   space 10752K, 0% used [0x0000000772f00000,0x0000000772f00000,0x0000000773980000)
 ParOldGen       total 175104K, used 24K [0x00000006c0c00000, 0x00000006cb700000, 0x000000076af00000)
  object space 175104K, 0% used [0x00000006c0c00000,0x00000006c0c06000,0x00000006cb700000)
 Metaspace       used 15423K, capacity 15976K, committed 16256K, reserved 1062912K
  class space    used 1971K, capacity 2123K, committed 2176K, reserved 1048576K
}
Event: 1.242 GC heap before
{Heap before GC invocations=3 (full 0):
 PSYoungGen      total 141824K, used 76119K [0x000000076af00000, 0x0000000774400000, 0x00000007c0000000)
  eden space 131072K, 51% used [0x000000076af00000,0x000000076f134388,0x0000000772f00000)
  from space 10752K, 77% used [0x0000000773980000,0x00000007741a18c8,0x0000000774400000)
  to   space 10752K, 0% used [0x0000000772f00000,0x0000000772f00000,0x0000000773980000)
 ParOldGen       total 175104K, used 24K [0x00000006c0c00000, 0x00000006cb700000, 0x000000076af00000)
  object space 175104K, 0% used [0x00000006c0c00000,0x00000006c0c06000,0x00000006cb700000)
 Metaspace       used 20399K, capacity 21228K, committed 21296K, reserved 1067008K
  class space    used 2659K, capacity 2855K, committed 2864K, reserved 1048576K
Event: 1.246 GC heap after
Heap after GC invocations=3 (full 0):
 PSYoungGen      total 141824K, used 9462K [0x000000076af00000, 0x000000077c400000, 0x00000007c0000000)
  eden space 131072K, 0% used [0x000000076af00000,0x000000076af00000,0x0000000772f00000)
  from space 10752K, 88% used [0x0000000772f00000,0x000000077383d820,0x0000000773980000)
  to   space 10752K, 0% used [0x000000077b980000,0x000000077b980000,0x000000077c400000)
 ParOldGen       total 175104K, used 104K [0x00000006c0c00000, 0x00000006cb700000, 0x000000076af00000)
  object space 175104K, 0% used [0x00000006c0c00000,0x00000006c0c1a010,0x00000006cb700000)
 Metaspace       used 20399K, capacity 21228K, committed 21296K, reserved 1067008K
  class space    used 2659K, capacity 2855K, committed 2864K, reserved 1048576K
}
Event: 1.246 GC heap before
{Heap before GC invocations=4 (full 1):
 PSYoungGen      total 141824K, used 9462K [0x000000076af00000, 0x000000077c400000, 0x00000007c0000000)
  eden space 131072K, 0% used [0x000000076af00000,0x000000076af00000,0x0000000772f00000)
  from space 10752K, 88% used [0x0000000772f00000,0x000000077383d820,0x0000000773980000)
  to   space 10752K, 0% used [0x000000077b980000,0x000000077b980000,0x000000077c400000)
 ParOldGen       total 175104K, used 104K [0x00000006c0c00000, 0x00000006cb700000, 0x000000076af00000)
  object space 175104K, 0% used [0x00000006c0c00000,0x00000006c0c1a010,0x00000006cb700000)
 Metaspace       used 20399K, capacity 21228K, committed 21296K, reserved 1067008K
  class space    used 2659K, capacity 2855K, committed 2864K, reserved 1048576K
Event: 1.263 GC heap after
Heap after GC invocations=4 (full 1):
 PSYoungGen      total 141824K, used 0K [0x000000076af00000, 0x000000077c400000, 0x00000007c0000000)
  eden space 131072K, 0% used [0x000000076af00000,0x000000076af00000,0x0000000772f00000)
  from space 10752K, 0% used [0x0000000772f00000,0x0000000772f00000,0x0000000773980000)
  to   space 10752K, 0% used [0x000000077b980000,0x000000077b980000,0x000000077c400000)
 ParOldGen       total 108032K, used 8998K [0x00000006c0c00000, 0x00000006c7580000, 0x000000076af00000)
  object space 108032K, 8% used [0x00000006c0c00000,0x00000006c14c9938,0x00000006c7580000)
 Metaspace       used 20397K, capacity 21222K, committed 21296K, reserved 1067008K
  class space    used 2659K, capacity 2854K, committed 2864K, reserved 1048576K
}
Event: 1.955 GC heap before
{Heap before GC invocations=5 (full 1):
 PSYoungGen      total 141824K, used 131072K [0x000000076af00000, 0x000000077c400000, 0x00000007c0000000)
  eden space 131072K, 100% used [0x000000076af00000,0x0000000772f00000,0x0000000772f00000)
  from space 10752K, 0% used [0x0000000772f00000,0x0000000772f00000,0x0000000773980000)
  to   space 10752K, 0% used [0x000000077b980000,0x000000077b980000,0x000000077c400000)
 ParOldGen       total 108032K, used 8998K [0x00000006c0c00000, 0x00000006c7580000, 0x000000076af00000)
  object space 108032K, 8% used [0x00000006c0c00000,0x00000006c14c9938,0x00000006c7580000)
 Metaspace       used 24637K, capacity 25772K, committed 25904K, reserved 1071104K
  class space    used 3271K, capacity 3510K, committed 3632K, reserved 1048576K
Event: 1.960 GC heap after
Heap after GC invocations=5 (full 1):
 PSYoungGen      total 202240K, used 9860K [0x000000076af00000, 0x000000077c380000, 0x00000007c0000000)
  eden space 192000K, 0% used [0x000000076af00000,0x000000076af00000,0x0000000776a80000)
  from space 10240K, 96% used [0x000000077b980000,0x000000077c3213b8,0x000000077c380000)
  to   space 10752K, 0% used [0x000000077ae80000,0x000000077ae80000,0x000000077b900000)
 ParOldGen       total 108032K, used 9006K [0x00000006c0c00000, 0x00000006c7580000, 0x000000076af00000)
  object space 108032K, 8% used [0x00000006c0c00000,0x00000006c14cb938,0x00000006c7580000)
 Metaspace       used 24637K, capacity 25772K, committed 25904K, reserved 1071104K
  class space    used 3271K, capacity 3510K, committed 3632K, reserved 1048576K
}

